2019-05-12 01:32:45,727 [main] INFO  c.a.a.ActivosFijosApplication [Method=logStarting] [Line=50] - Starting ActivosFijosApplication on DESKTOP-JL8Q16M with PID 16788 (started by dmo11 in E:\Desarrollo\PruebaTécnica\ActivosApp\activos_fijos)
2019-05-12 01:32:45,730 [main] DEBUG c.a.a.ActivosFijosApplication [Method=logStarting] [Line=53] - Running with Spring Boot v2.1.4.RELEASE, Spring v5.1.6.RELEASE
2019-05-12 01:32:45,731 [main] INFO  c.a.a.ActivosFijosApplication [Method=logStartupProfileInfo] [Line=675] - No active profile set, falling back to default profiles: default
2019-05-12 01:32:47,065 [main] INFO  o.s.d.r.c.RepositoryConfigurationDelegate [Method=registerRepositoriesIn] [Line=126] - Bootstrapping Spring Data repositories in DEFAULT mode.
2019-05-12 01:32:47,176 [main] INFO  o.s.d.r.c.RepositoryConfigurationDelegate [Method=registerRepositoriesIn] [Line=182] - Finished Spring Data repository scanning in 98ms. Found 5 repository interfaces.
2019-05-12 01:32:47,676 [main] INFO  o.s.c.s.PostProcessorRegistrationDelegate$BeanPostProcessorChecker [Method=postProcessAfterInitialization] [Line=330] - Bean 'org.springframework.transaction.annotation.ProxyTransactionManagementConfiguration' of type [org.springframework.transaction.annotation.ProxyTransactionManagementConfiguration$$EnhancerBySpringCGLIB$$b470a151] is not eligible for getting processed by all BeanPostProcessors (for example: not eligible for auto-proxying)
2019-05-12 01:32:48,319 [main] INFO  o.s.b.w.e.t.TomcatWebServer [Method=initialize] [Line=90] - Tomcat initialized with port(s): 8080 (http)
2019-05-12 01:32:48,346 [main] INFO  o.a.c.c.StandardService [Method=log] [Line=173] - Starting service [Tomcat]
2019-05-12 01:32:48,348 [main] INFO  o.a.c.c.StandardEngine [Method=log] [Line=173] - Starting Servlet engine: [Apache Tomcat/9.0.17]
2019-05-12 01:32:48,505 [main] INFO  o.a.c.c.C.[.[.[/] [Method=log] [Line=173] - Initializing Spring embedded WebApplicationContext
2019-05-12 01:32:48,507 [main] INFO  o.s.w.c.ContextLoader [Method=prepareWebApplicationContext] [Line=296] - Root WebApplicationContext: initialization completed in 2713 ms
2019-05-12 01:32:48,727 [main] INFO  c.z.h.HikariDataSource [Method=getConnection] [Line=110] - HikariPool-1 - Starting...
2019-05-12 01:32:49,022 [main] INFO  c.z.h.HikariDataSource [Method=getConnection] [Line=123] - HikariPool-1 - Start completed.
2019-05-12 01:32:49,083 [main] INFO  o.h.j.i.u.LogHelper [Method=logPersistenceUnitInformation] [Line=31] - HHH000204: Processing PersistenceUnitInfo [
	name: default
	...]
2019-05-12 01:32:49,178 [main] INFO  o.hibernate.Version [Method=logVersion] [Line=46] - HHH000412: Hibernate Core {5.3.9.Final}
2019-05-12 01:32:49,182 [main] INFO  o.h.cfg.Environment [Method=<clinit>] [Line=213] - HHH000206: hibernate.properties not found
2019-05-12 01:32:49,324 [main] INFO  o.h.a.common.Version [Method=<clinit>] [Line=49] - HCANN000001: Hibernate Commons Annotations {5.0.4.Final}
2019-05-12 01:32:49,478 [main] INFO  o.h.dialect.Dialect [Method=<init>] [Line=157] - HHH000400: Using dialect: org.hibernate.dialect.MySQL8Dialect
2019-05-12 01:32:50,202 [main] INFO  o.s.o.j.LocalContainerEntityManagerFactoryBean [Method=buildNativeEntityManagerFactory] [Line=415] - Initialized JPA EntityManagerFactory for persistence unit 'default'
2019-05-12 01:32:51,289 [main] INFO  s.d.s.w.PropertySourcedRequestMappingHandlerMapping [Method=initHandlerMethods] [Line=69] - Mapped URL path [/v2/api-docs] onto method [public org.springframework.http.ResponseEntity<springfox.documentation.spring.web.json.Json> springfox.documentation.swagger2.web.Swagger2Controller.getDocumentation(java.lang.String,javax.servlet.http.HttpServletRequest)]
2019-05-12 01:32:51,562 [main] INFO  o.s.s.c.ThreadPoolTaskExecutor [Method=initialize] [Line=171] - Initializing ExecutorService 'applicationTaskExecutor'
2019-05-12 01:32:51,876 [main] INFO  s.d.s.w.p.DocumentationPluginsBootstrapper [Method=start] [Line=160] - Context refreshed
2019-05-12 01:32:51,898 [main] INFO  s.d.s.w.p.DocumentationPluginsBootstrapper [Method=start] [Line=163] - Found 1 custom documentation plugin(s)
2019-05-12 01:32:51,937 [main] INFO  s.d.s.w.s.ApiListingReferenceScanner [Method=scan] [Line=41] - Scanning for api listing references
2019-05-12 01:32:52,183 [main] INFO  o.s.b.w.e.t.TomcatWebServer [Method=start] [Line=204] - Tomcat started on port(s): 8080 (http) with context path ''
2019-05-12 01:32:52,186 [main] INFO  c.a.a.ActivosFijosApplication [Method=logStarted] [Line=59] - Started ActivosFijosApplication in 6.903 seconds (JVM running for 8.318)
2019-05-12 01:33:28,236 [http-nio-8080-exec-2] INFO  o.a.c.c.C.[.[.[/] [Method=log] [Line=173] - Initializing Spring DispatcherServlet 'dispatcherServlet'
2019-05-12 01:33:28,237 [http-nio-8080-exec-2] INFO  o.s.w.s.DispatcherServlet [Method=initServletBean] [Line=524] - Initializing Servlet 'dispatcherServlet'
2019-05-12 01:33:28,253 [http-nio-8080-exec-2] INFO  o.s.w.s.DispatcherServlet [Method=initServletBean] [Line=546] - Completed initialization in 15 ms
2019-05-12 01:37:56,381 [http-nio-8080-exec-7] ERROR o.a.c.c.C.[.[.[.[dispatcherServlet] [Method=log] [Line=175] - Servlet.service() for servlet [dispatcherServlet] in context with path [] threw exception [Request processing failed; nested exception is java.text.ParseException: Unparseable date: "abbbcc"] with root cause
java.text.ParseException: Unparseable date: "abbbcc"
	at java.text.DateFormat.parse(Unknown Source)
	at com.activos.activos_fijos.services.impl.ActivoServiceImpl.consultarPorFechaCompra(ActivoServiceImpl.java:106)
	at com.activos.activos_fijos.controller.ActivoRestController.buscarPorFechaCompra(ActivoRestController.java:96)
	at sun.reflect.NativeMethodAccessorImpl.invoke0(Native Method)
	at sun.reflect.NativeMethodAccessorImpl.invoke(Unknown Source)
	at sun.reflect.DelegatingMethodAccessorImpl.invoke(Unknown Source)
	at java.lang.reflect.Method.invoke(Unknown Source)
	at org.springframework.web.method.support.InvocableHandlerMethod.doInvoke(InvocableHandlerMethod.java:189)
	at org.springframework.web.method.support.InvocableHandlerMethod.invokeForRequest(InvocableHandlerMethod.java:138)
	at org.springframework.web.servlet.mvc.method.annotation.ServletInvocableHandlerMethod.invokeAndHandle(ServletInvocableHandlerMethod.java:102)
	at org.springframework.web.servlet.mvc.method.annotation.RequestMappingHandlerAdapter.invokeHandlerMethod(RequestMappingHandlerAdapter.java:892)
	at org.springframework.web.servlet.mvc.method.annotation.RequestMappingHandlerAdapter.handleInternal(RequestMappingHandlerAdapter.java:797)
	at org.springframework.web.servlet.mvc.method.AbstractHandlerMethodAdapter.handle(AbstractHandlerMethodAdapter.java:87)
	at org.springframework.web.servlet.DispatcherServlet.doDispatch(DispatcherServlet.java:1038)
	at org.springframework.web.servlet.DispatcherServlet.doService(DispatcherServlet.java:942)
	at org.springframework.web.servlet.FrameworkServlet.processRequest(FrameworkServlet.java:1005)
	at org.springframework.web.servlet.FrameworkServlet.doGet(FrameworkServlet.java:897)
	at javax.servlet.http.HttpServlet.service(HttpServlet.java:634)
	at org.springframework.web.servlet.FrameworkServlet.service(FrameworkServlet.java:882)
	at javax.servlet.http.HttpServlet.service(HttpServlet.java:741)
	at org.apache.catalina.core.ApplicationFilterChain.internalDoFilter(ApplicationFilterChain.java:231)
	at org.apache.catalina.core.ApplicationFilterChain.doFilter(ApplicationFilterChain.java:166)
	at org.apache.tomcat.websocket.server.WsFilter.doFilter(WsFilter.java:53)
	at org.apache.catalina.core.ApplicationFilterChain.internalDoFilter(ApplicationFilterChain.java:193)
	at org.apache.catalina.core.ApplicationFilterChain.doFilter(ApplicationFilterChain.java:166)
	at org.springframework.web.filter.RequestContextFilter.doFilterInternal(RequestContextFilter.java:99)
	at org.springframework.web.filter.OncePerRequestFilter.doFilter(OncePerRequestFilter.java:107)
	at org.apache.catalina.core.ApplicationFilterChain.internalDoFilter(ApplicationFilterChain.java:193)
	at org.apache.catalina.core.ApplicationFilterChain.doFilter(ApplicationFilterChain.java:166)
	at org.springframework.web.filter.FormContentFilter.doFilterInternal(FormContentFilter.java:92)
	at org.springframework.web.filter.OncePerRequestFilter.doFilter(OncePerRequestFilter.java:107)
	at org.apache.catalina.core.ApplicationFilterChain.internalDoFilter(ApplicationFilterChain.java:193)
	at org.apache.catalina.core.ApplicationFilterChain.doFilter(ApplicationFilterChain.java:166)
	at org.springframework.web.filter.HiddenHttpMethodFilter.doFilterInternal(HiddenHttpMethodFilter.java:93)
	at org.springframework.web.filter.OncePerRequestFilter.doFilter(OncePerRequestFilter.java:107)
	at org.apache.catalina.core.ApplicationFilterChain.internalDoFilter(ApplicationFilterChain.java:193)
	at org.apache.catalina.core.ApplicationFilterChain.doFilter(ApplicationFilterChain.java:166)
	at org.springframework.web.filter.CharacterEncodingFilter.doFilterInternal(CharacterEncodingFilter.java:200)
	at org.springframework.web.filter.OncePerRequestFilter.doFilter(OncePerRequestFilter.java:107)
	at org.apache.catalina.core.ApplicationFilterChain.internalDoFilter(ApplicationFilterChain.java:193)
	at org.apache.catalina.core.ApplicationFilterChain.doFilter(ApplicationFilterChain.java:166)
	at org.apache.catalina.core.StandardWrapperValve.invoke(StandardWrapperValve.java:200)
	at org.apache.catalina.core.StandardContextValve.invoke(StandardContextValve.java:96)
	at org.apache.catalina.authenticator.AuthenticatorBase.invoke(AuthenticatorBase.java:490)
	at org.apache.catalina.core.StandardHostValve.invoke(StandardHostValve.java:139)
	at org.apache.catalina.valves.ErrorReportValve.invoke(ErrorReportValve.java:92)
	at org.apache.catalina.core.StandardEngineValve.invoke(StandardEngineValve.java:74)
	at org.apache.catalina.connector.CoyoteAdapter.service(CoyoteAdapter.java:343)
	at org.apache.coyote.http11.Http11Processor.service(Http11Processor.java:408)
	at org.apache.coyote.AbstractProcessorLight.process(AbstractProcessorLight.java:66)
	at org.apache.coyote.AbstractProtocol$ConnectionHandler.process(AbstractProtocol.java:834)
	at org.apache.tomcat.util.net.NioEndpoint$SocketProcessor.doRun(NioEndpoint.java:1415)
	at org.apache.tomcat.util.net.SocketProcessorBase.run(SocketProcessorBase.java:49)
	at java.util.concurrent.ThreadPoolExecutor.runWorker(Unknown Source)
	at java.util.concurrent.ThreadPoolExecutor$Worker.run(Unknown Source)
	at org.apache.tomcat.util.threads.TaskThread$WrappingRunnable.run(TaskThread.java:61)
	at java.lang.Thread.run(Unknown Source)
2019-05-12 01:37:56,401 [http-nio-8080-exec-7] INFO  o.s.b.a.w.s.e.BasicErrorController [Method=apiRequestLog] [Line=29] - ------------------------- Inciando Controlador -------------------------
2019-05-12 01:37:56,402 [http-nio-8080-exec-7] INFO  o.s.b.a.w.s.e.BasicErrorController [Method=apiRequestLog] [Line=51] - Metodo: error >>>
Parametro 1: org.apache.catalina.core.ApplicationHttpRequest@5e924f19
2019-05-12 01:37:56,411 [http-nio-8080-exec-7] INFO  o.s.b.a.w.s.e.BasicErrorController [Method=processTimeLog] [Line=88] - Duración de proceso: 13 ms
2019-05-12 01:37:56,432 [http-nio-8080-exec-7] INFO  o.s.b.a.w.s.e.BasicErrorController [Method=apiResponseLog] [Line=63] - <<< Respuesta (error): 
{"status":"INTERNAL_SERVER_ERROR","headers":{},"body":{"timestamp":"May 12, 2019 1:37:56 AM","status":500,"error":"Internal Server Error","message":"Unparseable date: \"abbbcc\"","path":"/activos/buscar-por-fecha"}}
2019-05-12 01:38:43,011 [RMI TCP Connection(15)-127.0.0.1] INFO  o.s.b.a.SpringApplicationAdminMXBeanRegistrar$SpringApplicationAdmin [Method=shutdown] [Line=163] - Application shutdown requested.
2019-05-12 01:38:43,017 [RMI TCP Connection(15)-127.0.0.1] INFO  o.s.s.c.ThreadPoolTaskExecutor [Method=shutdown] [Line=208] - Shutting down ExecutorService 'applicationTaskExecutor'
2019-05-12 01:38:43,025 [RMI TCP Connection(15)-127.0.0.1] INFO  o.s.o.j.LocalContainerEntityManagerFactoryBean [Method=destroy] [Line=597] - Closing JPA EntityManagerFactory for persistence unit 'default'
2019-05-12 01:38:43,030 [RMI TCP Connection(15)-127.0.0.1] INFO  c.z.h.HikariDataSource [Method=close] [Line=350] - HikariPool-1 - Shutdown initiated...
2019-05-12 01:38:43,042 [RMI TCP Connection(15)-127.0.0.1] INFO  c.z.h.HikariDataSource [Method=close] [Line=352] - HikariPool-1 - Shutdown completed.
